0 info it worked if it ends with ok
1 verbose cli [ 'node', '/usr/local/bin/npm', 'install', 'mongoose' ]
2 info using npm@1.4.23
3 info using node@v0.10.30
4 verbose node symlink /usr/local/bin/node
5 error Failed to parse json
5 error Unexpected token
6 error File: /Users/marceloalves/Desktop/MVC-Structure/package.json
7 error Failed to parse package.json data.
7 error package.json must be actual JSON, not just JavaScript.
7 error
7 error This is not a bug in npm.
7 error Tell the package author to fix their package.json file. JSON.parse
8 error System Darwin 14.0.0
9 error command "node" "/usr/local/bin/npm" "install" "mongoose"
10 error cwd /Users/marceloalves/Desktop/MVC-Structure
11 error node -v v0.10.30
12 error npm -v 1.4.23
13 error file /Users/marceloalves/Desktop/MVC-Structure/package.json
14 error code EJSONPARSE
15 verbose exit [ 1, true ]
